2024-10-05T02:05:38.485+02:00  INFO 3312 --- [main] m.m.e.c.ChessPortalApplication           : Starting ChessPortalApplication using Java 17.0.4 with PID 3312 (C:\chess-portal\build\classes\java\main started by hicha in C:\chess-portal)
2024-10-05T02:05:38.496+02:00  INFO 3312 --- [main] m.m.e.c.ChessPortalApplication           : No active profile set, falling back to 1 default profile: "default"
2024-10-05T02:05:39.749+02:00  INFO 3312 --- [main] .s.d.r.c.RepositoryConfigurationDelegate : Bootstrapping Spring Data JPA repositories in DEFAULT mode.
2024-10-05T02:05:39.878+02:00  INFO 3312 --- [main] .s.d.r.c.RepositoryConfigurationDelegate : Finished Spring Data repository scanning in 112 ms. Found 9 JPA repository interfaces.
2024-10-05T02:05:40.885+02:00  INFO 3312 --- [main] o.s.b.w.embedded.tomcat.TomcatWebServer  : Tomcat initialized with port 8080 (http)
2024-10-05T02:05:40.906+02:00  INFO 3312 --- [main] o.apache.catalina.core.StandardService   : Starting service [Tomcat]
2024-10-05T02:05:40.906+02:00  INFO 3312 --- [main] o.apache.catalina.core.StandardEngine    : Starting Servlet engine: [Apache Tomcat/10.1.28]
2024-10-05T02:05:40.993+02:00  INFO 3312 --- [main] o.a.c.c.C.[Tomcat].[localhost].[/]       : Initializing Spring embedded WebApplicationContext
2024-10-05T02:05:40.994+02:00  INFO 3312 --- [main] w.s.c.ServletWebServerApplicationContext : Root WebApplicationContext: initialization completed in 2407 ms
2024-10-05T02:05:41.266+02:00  INFO 3312 --- [main] o.hibernate.jpa.internal.util.LogHelper  : HHH000204: Processing PersistenceUnitInfo [name: default]
2024-10-05T02:05:41.363+02:00  INFO 3312 --- [main] org.hibernate.Version                    : HHH000412: Hibernate ORM core version 6.5.2.Final
2024-10-05T02:05:41.424+02:00  INFO 3312 --- [main] o.h.c.internal.RegionFactoryInitiator    : HHH000026: Second-level cache disabled
2024-10-05T02:05:41.824+02:00  INFO 3312 --- [main] o.s.o.j.p.SpringPersistenceUnitInfo      : No LoadTimeWeaver setup: ignoring JPA class transformer
2024-10-05T02:05:41.890+02:00  INFO 3312 --- [main] com.zaxxer.hikari.HikariDataSource       : HikariPool-1 - Starting...
2024-10-05T02:05:42.306+02:00  INFO 3312 --- [main] com.zaxxer.hikari.pool.HikariPool        : HikariPool-1 - Added connection com.mysql.cj.jdbc.ConnectionImpl@550fa96f
2024-10-05T02:05:42.309+02:00  INFO 3312 --- [main] com.zaxxer.hikari.HikariDataSource       : HikariPool-1 - Start completed.
2024-10-05T02:05:42.388+02:00  WARN 3312 --- [main] org.hibernate.orm.deprecation            : HHH90000025: MySQLDialect does not need to be specified explicitly using 'hibernate.dialect' (remove the property setting and it will be selected by default)
2024-10-05T02:05:43.917+02:00  INFO 3312 --- [main] o.h.e.t.j.p.i.JtaPlatformInitiator       : HHH000489: No JTA platform available (set 'hibernate.transaction.jta.platform' to enable JTA platform integration)
2024-10-05T02:05:44.081+02:00  INFO 3312 --- [main] j.LocalContainerEntityManagerFactoryBean : Initialized JPA EntityManagerFactory for persistence unit 'default'
2024-10-05T02:05:44.118+02:00  WARN 3312 --- [main] JpaBaseConfiguration$JpaWebConfiguration : spring.jpa.open-in-view is enabled by default. Therefore, database queries may be performed during view rendering. Explicitly configure spring.jpa.open-in-view to disable this warning
2024-10-05T02:05:44.511+02:00  INFO 3312 --- [main] r$InitializeUserDetailsManagerConfigurer : Global AuthenticationManager configured with UserDetailsService bean with name customUserDetailsService
2024-10-05T02:05:45.009+02:00 DEBUG 3312 --- [main] o.s.s.web.DefaultSecurityFilterChain     : Will secure any request with filters: DisableEncodeUrlFilter, WebAsyncManagerIntegrationFilter, SecurityContextHolderFilter, HeaderWriterFilter, CorsFilter, LogoutFilter, RequestLoggingFilter, RequestCacheAwareFilter, SecurityContextHolderAwareRequestFilter, AnonymousAuthenticationFilter, ExceptionTranslationFilter, AuthorizationFilter
2024-10-05T02:05:45.366+02:00  INFO 3312 --- [main] o.s.b.w.embedded.tomcat.TomcatWebServer  : Tomcat started on port 8080 (http) with context path '/'
2024-10-05T02:05:45.374+02:00  INFO 3312 --- [main] m.m.e.c.ChessPortalApplication           : Started ChessPortalApplication in 7.569 seconds (process running for 7.994)
2024-10-05T02:06:18.071+02:00  INFO 3312 --- [http-nio-8080-exec-1] o.a.c.c.C.[Tomcat].[localhost].[/]       : Initializing Spring DispatcherServlet 'dispatcherServlet'
2024-10-05T02:06:18.071+02:00  INFO 3312 --- [http-nio-8080-exec-1] o.s.web.servlet.DispatcherServlet        : Initializing Servlet 'dispatcherServlet'
2024-10-05T02:06:18.072+02:00  INFO 3312 --- [http-nio-8080-exec-1] o.s.web.servlet.DispatcherServlet        : Completed initialization in 0 ms
2024-10-05T02:06:18.094+02:00 DEBUG 3312 --- [http-nio-8080-exec-1] o.s.security.web.FilterChainProxy        : Securing OPTIONS /api/auth/login
2024-10-05T02:06:18.114+02:00 DEBUG 3312 --- [http-nio-8080-exec-6] o.s.security.web.FilterChainProxy        : Securing POST /api/auth/login
2024-10-05T02:06:18.119+02:00 DEBUG 3312 --- [http-nio-8080-exec-6] o.s.security.web.FilterChainProxy        : Secured POST /api/auth/login
2024-10-05T02:06:18.534+02:00 DEBUG 3312 --- [http-nio-8080-exec-6] o.s.s.a.dao.DaoAuthenticationProvider    : Authenticated user
2024-10-05T02:06:18.588+02:00 DEBUG 3312 --- [http-nio-8080-exec-6] o.s.s.w.a.AnonymousAuthenticationFilter  : Set SecurityContextHolder to anonymous SecurityContext
2024-10-05T02:45:32.875+02:00  WARN 3312 --- [HikariPool-1 housekeeper] com.zaxxer.hikari.pool.HikariPool        : HikariPool-1 - Thread starvation or clock leap detected (housekeeper delta=18m20s122ms225µs400ns).
2024-10-05T15:01:52.601+02:00  INFO 11844 --- [main] m.m.e.c.ChessPortalApplication           : Starting ChessPortalApplication using Java 17.0.4 with PID 11844 (C:\chess-portal\build\classes\java\main started by hicha in C:\chess-portal)
2024-10-05T15:01:52.607+02:00  INFO 11844 --- [main] m.m.e.c.ChessPortalApplication           : No active profile set, falling back to 1 default profile: "default"
2024-10-05T15:01:53.820+02:00  INFO 11844 --- [main] .s.d.r.c.RepositoryConfigurationDelegate : Bootstrapping Spring Data JPA repositories in DEFAULT mode.
2024-10-05T15:01:53.933+02:00  INFO 11844 --- [main] .s.d.r.c.RepositoryConfigurationDelegate : Finished Spring Data repository scanning in 101 ms. Found 9 JPA repository interfaces.
2024-10-05T15:01:54.818+02:00  INFO 11844 --- [main] o.s.b.w.embedded.tomcat.TomcatWebServer  : Tomcat initialized with port 8080 (http)
2024-10-05T15:01:54.840+02:00  INFO 11844 --- [main] o.apache.catalina.core.StandardService   : Starting service [Tomcat]
2024-10-05T15:01:54.841+02:00  INFO 11844 --- [main] o.apache.catalina.core.StandardEngine    : Starting Servlet engine: [Apache Tomcat/10.1.28]
2024-10-05T15:01:54.936+02:00  INFO 11844 --- [main] o.a.c.c.C.[Tomcat].[localhost].[/]       : Initializing Spring embedded WebApplicationContext
2024-10-05T15:01:54.936+02:00  INFO 11844 --- [main] w.s.c.ServletWebServerApplicationContext : Root WebApplicationContext: initialization completed in 2253 ms
2024-10-05T15:01:55.216+02:00  INFO 11844 --- [main] o.hibernate.jpa.internal.util.LogHelper  : HHH000204: Processing PersistenceUnitInfo [name: default]
2024-10-05T15:01:55.296+02:00  INFO 11844 --- [main] org.hibernate.Version                    : HHH000412: Hibernate ORM core version 6.5.2.Final
2024-10-05T15:01:55.336+02:00  INFO 11844 --- [main] o.h.c.internal.RegionFactoryInitiator    : HHH000026: Second-level cache disabled
2024-10-05T15:01:55.741+02:00  INFO 11844 --- [main] o.s.o.j.p.SpringPersistenceUnitInfo      : No LoadTimeWeaver setup: ignoring JPA class transformer
2024-10-05T15:01:55.790+02:00  INFO 11844 --- [main] com.zaxxer.hikari.HikariDataSource       : HikariPool-1 - Starting...
2024-10-05T15:01:56.175+02:00  INFO 11844 --- [main] com.zaxxer.hikari.pool.HikariPool        : HikariPool-1 - Added connection com.mysql.cj.jdbc.ConnectionImpl@52657d5f
2024-10-05T15:01:56.178+02:00  INFO 11844 --- [main] com.zaxxer.hikari.HikariDataSource       : HikariPool-1 - Start completed.
2024-10-05T15:01:56.264+02:00  WARN 11844 --- [main] org.hibernate.orm.deprecation            : HHH90000025: MySQLDialect does not need to be specified explicitly using 'hibernate.dialect' (remove the property setting and it will be selected by default)
2024-10-05T15:01:57.614+02:00  INFO 11844 --- [main] o.h.e.t.j.p.i.JtaPlatformInitiator       : HHH000489: No JTA platform available (set 'hibernate.transaction.jta.platform' to enable JTA platform integration)
2024-10-05T15:01:57.766+02:00  INFO 11844 --- [main] j.LocalContainerEntityManagerFactoryBean : Initialized JPA EntityManagerFactory for persistence unit 'default'
2024-10-05T15:01:57.800+02:00  WARN 11844 --- [main] JpaBaseConfiguration$JpaWebConfiguration : spring.jpa.open-in-view is enabled by default. Therefore, database queries may be performed during view rendering. Explicitly configure spring.jpa.open-in-view to disable this warning
2024-10-05T15:01:58.195+02:00  INFO 11844 --- [main] r$InitializeUserDetailsManagerConfigurer : Global AuthenticationManager configured with UserDetailsService bean with name customUserDetailsService
2024-10-05T15:01:58.618+02:00 DEBUG 11844 --- [main] o.s.s.web.DefaultSecurityFilterChain     : Will secure any request with filters: DisableEncodeUrlFilter, WebAsyncManagerIntegrationFilter, SecurityContextHolderFilter, HeaderWriterFilter, CorsFilter, LogoutFilter, RequestLoggingFilter, RequestCacheAwareFilter, SecurityContextHolderAwareRequestFilter, AnonymousAuthenticationFilter, ExceptionTranslationFilter, AuthorizationFilter
2024-10-05T15:01:58.908+02:00  INFO 11844 --- [main] o.s.b.w.embedded.tomcat.TomcatWebServer  : Tomcat started on port 8080 (http) with context path '/'
2024-10-05T15:01:58.917+02:00  INFO 11844 --- [main] m.m.e.c.ChessPortalApplication           : Started ChessPortalApplication in 6.883 seconds (process running for 7.367)
2024-10-05T18:32:01.648+02:00  INFO 7716 --- [main] m.m.e.c.ChessPortalApplication           : Starting ChessPortalApplication using Java 17.0.4 with PID 7716 (C:\chess-portal\build\classes\java\main started by hicha in C:\chess-portal)
2024-10-05T18:32:01.652+02:00  INFO 7716 --- [main] m.m.e.c.ChessPortalApplication           : No active profile set, falling back to 1 default profile: "default"
2024-10-05T18:32:02.386+02:00  INFO 7716 --- [main] .s.d.r.c.RepositoryConfigurationDelegate : Bootstrapping Spring Data JPA repositories in DEFAULT mode.
2024-10-05T18:32:02.466+02:00  INFO 7716 --- [main] .s.d.r.c.RepositoryConfigurationDelegate : Finished Spring Data repository scanning in 65 ms. Found 9 JPA repository interfaces.
2024-10-05T18:32:03.068+02:00  INFO 7716 --- [main] o.s.b.w.embedded.tomcat.TomcatWebServer  : Tomcat initialized with port 8080 (http)
2024-10-05T18:32:03.082+02:00  INFO 7716 --- [main] o.apache.catalina.core.StandardService   : Starting service [Tomcat]
2024-10-05T18:32:03.082+02:00  INFO 7716 --- [main] o.apache.catalina.core.StandardEngine    : Starting Servlet engine: [Apache Tomcat/10.1.28]
2024-10-05T18:32:03.160+02:00  INFO 7716 --- [main] o.a.c.c.C.[Tomcat].[localhost].[/]       : Initializing Spring embedded WebApplicationContext
2024-10-05T18:32:03.160+02:00  INFO 7716 --- [main] w.s.c.ServletWebServerApplicationContext : Root WebApplicationContext: initialization completed in 1453 ms
2024-10-05T18:32:03.317+02:00  INFO 7716 --- [main] o.hibernate.jpa.internal.util.LogHelper  : HHH000204: Processing PersistenceUnitInfo [name: default]
2024-10-05T18:32:03.385+02:00  INFO 7716 --- [main] org.hibernate.Version                    : HHH000412: Hibernate ORM core version 6.5.2.Final
2024-10-05T18:32:03.420+02:00  INFO 7716 --- [main] o.h.c.internal.RegionFactoryInitiator    : HHH000026: Second-level cache disabled
2024-10-05T18:32:03.745+02:00  INFO 7716 --- [main] o.s.o.j.p.SpringPersistenceUnitInfo      : No LoadTimeWeaver setup: ignoring JPA class transformer
2024-10-05T18:32:03.773+02:00  INFO 7716 --- [main] com.zaxxer.hikari.HikariDataSource       : HikariPool-1 - Starting...
2024-10-05T18:32:04.087+02:00  INFO 7716 --- [main] com.zaxxer.hikari.pool.HikariPool        : HikariPool-1 - Added connection com.mysql.cj.jdbc.ConnectionImpl@120411ec
2024-10-05T18:32:04.090+02:00  INFO 7716 --- [main] com.zaxxer.hikari.HikariDataSource       : HikariPool-1 - Start completed.
2024-10-05T18:32:04.154+02:00  WARN 7716 --- [main] org.hibernate.orm.deprecation            : HHH90000025: MySQLDialect does not need to be specified explicitly using 'hibernate.dialect' (remove the property setting and it will be selected by default)
2024-10-05T18:32:05.161+02:00  INFO 7716 --- [main] o.h.e.t.j.p.i.JtaPlatformInitiator       : HHH000489: No JTA platform available (set 'hibernate.transaction.jta.platform' to enable JTA platform integration)
2024-10-05T18:32:05.303+02:00  INFO 7716 --- [main] j.LocalContainerEntityManagerFactoryBean : Initialized JPA EntityManagerFactory for persistence unit 'default'
2024-10-05T18:32:05.389+02:00  WARN 7716 --- [main] JpaBaseConfiguration$JpaWebConfiguration : spring.jpa.open-in-view is enabled by default. Therefore, database queries may be performed during view rendering. Explicitly configure spring.jpa.open-in-view to disable this warning
2024-10-05T18:32:05.690+02:00  INFO 7716 --- [main] r$InitializeUserDetailsManagerConfigurer : Global AuthenticationManager configured with UserDetailsService bean with name customUserDetailsService
2024-10-05T18:32:05.984+02:00 DEBUG 7716 --- [main] o.s.s.web.DefaultSecurityFilterChain     : Will secure any request with filters: DisableEncodeUrlFilter, WebAsyncManagerIntegrationFilter, SecurityContextHolderFilter, HeaderWriterFilter, CorsFilter, LogoutFilter, RequestLoggingFilter, RequestCacheAwareFilter, SecurityContextHolderAwareRequestFilter, AnonymousAuthenticationFilter, ExceptionTranslationFilter, AuthorizationFilter
2024-10-05T18:32:06.223+02:00  INFO 7716 --- [main] o.s.b.w.embedded.tomcat.TomcatWebServer  : Tomcat started on port 8080 (http) with context path '/'
2024-10-05T18:32:06.230+02:00  INFO 7716 --- [main] m.m.e.c.ChessPortalApplication           : Started ChessPortalApplication in 5.004 seconds (process running for 5.331)
